<?xml version="1.0" encoding="UTF-8"?>
<!-- Generated by org.testng.reporters.JUnitReportReporter -->
<testsuite hostname="LAPTOP-0VR0V2U7" failures="0" tests="7" name="com.runner.Runner" time="22.538" errors="0" timestamp="2025-11-24T10:51:22 EST" skipped="0">
  <testcase classname="com.runner.Runner" name="runScenario" time="3.180"/>
  <testcase classname="com.runner.Runner" name="runScenario" time="2.907"/>
  <testcase classname="com.runner.Runner" name="runScenario" time="4.296"/>
  <testcase classname="com.runner.Runner" name="runScenario" time="2.955"/>
  <testcase classname="com.runner.Runner" name="runScenario" time="2.953"/>
  <testcase classname="com.runner.Runner" name="runScenario" time="3.206"/>
  <testcase classname="com.runner.Runner" name="runScenario" time="3.041"/>
</testsuite> <!-- com.runner.Runner -->
